# JRE version: OpenJDK Runtime Environment 18.9 (11.0.13+8) (build 11.0.13+8)
# Java VM: OpenJDK 64-Bit Server VM 18.9 (11.0.13+8, mixed mode, sharing, tiered, compressed oops, g1 gc, linux-amd64)
Heap:
 garbage-first heap   total 517120K, used 349651K [0x00000000e0000000, 0x0000000100000000)
  region size 1024K, 45 young (46080K), 14 survivors (14336K)
 Metaspace       used 112607K, capacity 117488K, committed 117624K, reserved 356352K
  class space    used 14623K, capacity 16466K, committed 16512K, reserved 253952K
GC Heap History (20 events):
Event: 68.780 GC heap before
{Heap before GC invocations=70 (full 0):
 garbage-first heap   total 475136K, used 416456K [0x00000000e0000000, 0x0000000100000000)
  region size 1024K, 27 young (27648K), 7 survivors (7168K)
 Metaspace       used 108755K, capacity 113157K, committed 113272K, reserved 352256K
  class space    used 14207K, capacity 15885K, committed 16000K, reserved 253952K
}
Event: 68.797 GC heap after
{Heap after GC invocations=71 (full 0):
 garbage-first heap   total 475136K, used 392688K [0x00000000e0000000, 0x0000000100000000)
  region size 1024K, 4 young (4096K), 4 survivors (4096K)
 Metaspace       used 108755K, capacity 113157K, committed 113272K, reserved 352256K
  class space    used 14207K, capacity 15885K, committed 16000K, reserved 253952K
}
Event: 69.265 GC heap before
{Heap before GC invocations=72 (full 0):
 garbage-first heap   total 506880K, used 485872K [0x00000000e0000000, 0x0000000100000000)
  region size 1024K, 23 young (23552K), 4 survivors (4096K)
 Metaspace       used 108791K, capacity 113172K, committed 113528K, reserved 352256K
  class space    used 14212K, capacity 15889K, committed 16000K, reserved 253952K
}
Event: 69.270 GC heap after
{Heap after GC invocations=73 (full 0):
 garbage-first heap   total 506880K, used 417182K [0x00000000e0000000, 0x0000000100000000)
  region size 1024K, 3 young (3072K), 3 survivors (3072K)
 Metaspace       used 108791K, capacity 113172K, committed 113528K, reserved 352256K
  class space    used 14212K, capacity 15889K, committed 16000K, reserved 253952K
}
Event: 69.624 GC heap before
{Heap before GC invocations=73 (full 0):
 garbage-first heap   total 506880K, used 499102K [0x00000000e0000000, 0x0000000100000000)
  region size 1024K, 24 young (24576K), 3 survivors (3072K)
 Metaspace       used 108794K, capacity 113172K, committed 113528K, reserved 352256K
  class space    used 14212K, capacity 15889K, committed 16000K, reserved 253952K
}
Event: 69.671 GC heap after
{Heap after GC invocations=74 (full 0):
 garbage-first heap   total 517120K, used 396561K [0x00000000e0000000, 0x0000000100000000)
  region size 1024K, 1 young (1024K), 1 survivors (1024K)
 Metaspace       used 108794K, capacity 113172K, committed 113528K, reserved 352256K
  class space    used 14212K, capacity 15889K, committed 16000K, reserved 253952K
}
Event: 69.675 GC heap before
{Heap before GC invocations=74 (full 0):
 garbage-first heap   total 517120K, used 396561K [0x00000000e0000000, 0x0000000100000000)
  region size 1024K, 3 young (3072K), 1 survivors (1024K)
 Metaspace       used 108794K, capacity 113172K, committed 113528K, reserved 352256K
  class space    used 14212K, capacity 15889K, committed 16000K, reserved 253952K
}
Event: 69.683 GC heap after
{Heap after GC invocations=75 (full 0):
 garbage-first heap   total 517120K, used 397285K [0x00000000e0000000, 0x0000000100000000)
  region size 1024K, 1 young (1024K), 1 survivors (1024K)
 Metaspace       used 108794K, capacity 113172K, committed 113528K, reserved 352256K
  class space    used 14212K, capacity 15889K, committed 16000K, reserved 253952K
}
Event: 70.300 GC heap before
{Heap before GC invocations=76 (full 0):
 garbage-first heap   total 517120K, used 471013K [0x00000000e0000000, 0x0000000100000000)
  region size 1024K, 36 young (36864K), 1 survivors (1024K)
 Metaspace       used 108825K, capacity 113236K, committed 113528K, reserved 352256K
  class space    used 14212K, capacity 15889K, committed 16000K, reserved 253952K
}
Event: 70.303 GC heap after
{Heap after GC invocations=77 (full 0):
 garbage-first heap   total 517120K, used 348464K [0x00000000e0000000, 0x0000000100000000)
  region size 1024K, 1 young (1024K), 1 survivors (1024K)
 Metaspace       used 108825K, capacity 113236K, committed 113528K, reserved 352256K
  class space    used 14212K, capacity 15889K, committed 16000K, reserved 253952K
}
Event: 70.589 GC heap before
{Heap before GC invocations=77 (full 0):
 garbage-first heap   total 517120K, used 409904K [0x00000000e0000000, 0x0000000100000000)
  region size 1024K, 25 young (25600K), 1 survivors (1024K)
 Metaspace       used 108833K, capacity 113236K, committed 113528K, reserved 352256K
  class space    used 14212K, capacity 15889K, committed 16000K, reserved 253952K
}
Event: 70.595 GC heap after
{Heap after GC invocations=78 (full 0):
 garbage-first heap   total 517120K, used 300052K [0x00000000e0000000, 0x0000000100000000)
  region size 1024K, 1 young (1024K), 1 survivors (1024K)
 Metaspace       used 108833K, capacity 113236K, committed 113528K, reserved 352256K
  class space    used 14212K, capacity 15889K, committed 16000K, reserved 253952K
}
Event: 70.806 GC heap before
{Heap before GC invocations=78 (full 0):
 garbage-first heap   total 517120K, used 353300K [0x00000000e0000000, 0x0000000100000000)
  region size 1024K, 13 young (13312K), 1 survivors (1024K)
 Metaspace       used 108833K, capacity 113236K, committed 113528K, reserved 352256K
  class space    used 14212K, capacity 15889K, committed 16000K, reserved 253952K
}
Event: 70.809 GC heap after
{Heap after GC invocations=79 (full 0):
 garbage-first heap   total 517120K, used 308032K [0x00000000e0000000, 0x0000000100000000)
  region size 1024K, 1 young (1024K), 1 survivors (1024K)
 Metaspace       used 108833K, capacity 113236K, committed 113528K, reserved 352256K
  class space    used 14212K, capacity 15889K, committed 16000K, reserved 253952K
}
Event: 71.369 GC heap before
{Heap before GC invocations=80 (full 0):
 garbage-first heap   total 517120K, used 374592K [0x00000000e0000000, 0x0000000100000000)
  region size 1024K, 34 young (34816K), 1 survivors (1024K)
 Metaspace       used 109163K, capacity 113601K, committed 113784K, reserved 352256K
  class space    used 14249K, capacity 15924K, committed 16000K, reserved 253952K
}
Event: 71.374 GC heap after
{Heap after GC invocations=81 (full 0):
 garbage-first heap   total 517120K, used 300773K [0x00000000e0000000, 0x0000000100000000)
  region size 1024K, 1 young (1024K), 1 survivors (1024K)
 Metaspace       used 109163K, capacity 113601K, committed 113784K, reserved 352256K
  class space    used 14249K, capacity 15924K, committed 16000K, reserved 253952K
}
Event: 2529.189 GC heap before
{Heap before GC invocations=82 (full 0):
 garbage-first heap   total 517120K, used 503525K [0x00000000e0000000, 0x0000000100000000)
  region size 1024K, 105 young (107520K), 1 survivors (1024K)
 Metaspace       used 111056K, capacity 115547K, committed 115832K, reserved 354304K
  class space    used 14457K, capacity 16130K, committed 16256K, reserved 253952K
}
Event: 2529.241 GC heap after
{Heap after GC invocations=83 (full 0):
 garbage-first heap   total 517120K, used 302085K [0x00000000e0000000, 0x0000000100000000)
  region size 1024K, 3 young (3072K), 3 survivors (3072K)
 Metaspace       used 111056K, capacity 115547K, committed 115832K, reserved 354304K
  class space    used 14457K, capacity 16130K, committed 16256K, reserved 253952K
}
Event: 2537.743 GC heap before
{Heap before GC invocations=83 (full 0):
 garbage-first heap   total 517120K, used 412677K [0x00000000e0000000, 0x0000000100000000)
  region size 1024K, 112 young (114688K), 3 survivors (3072K)
 Metaspace       used 112489K, capacity 117347K, committed 117624K, reserved 356352K
  class space    used 14622K, capacity 16464K, committed 16512K, reserved 253952K
}
Event: 2537.828 GC heap after
{Heap after GC invocations=84 (full 0):
 garbage-first heap   total 517120K, used 318931K [0x00000000e0000000, 0x0000000100000000)
  region size 1024K, 14 young (14336K), 14 survivors (14336K)
 Metaspace       used 112489K, capacity 117347K, committed 117624K, reserved 356352K
  class space    used 14622K, capacity 16464K, committed 16512K, reserved 253952K
}

